\BOOKMARK [1][-]{section*.1}{Abstract}{}% 1
\BOOKMARK [1][-]{section.1}{Booting\040a\040PC}{}% 2
\BOOKMARK [2][-]{subsection.1.1}{Computer\040Boot\040}{section.1}% 3
\BOOKMARK [3][-]{subsubsection.1.1.1}{Simulating\040The\040X86}{subsection.1.1}% 4
\BOOKMARK [3][-]{subsubsection.1.1.2}{The\040PC's\040Physical\040Address\040Space}{subsection.1.1}% 5
\BOOKMARK [3][-]{subsubsection.1.1.3}{BIOS}{subsection.1.1}% 6
\BOOKMARK [2][-]{subsection.1.2}{Boot\040Loader}{section.1}% 7
\BOOKMARK [3][-]{subsubsection.1.2.1}{Question\040I}{subsection.1.2}% 8
\BOOKMARK [3][-]{subsubsection.1.2.2}{Loading\040kernel}{subsection.1.2}% 9
\BOOKMARK [3][-]{subsubsection.1.2.3}{Connection\040address\040and\040load\040address}{subsection.1.2}% 10
\BOOKMARK [2][-]{subsection.1.3}{The\040Kernel}{section.1}% 11
\BOOKMARK [3][-]{subsubsection.1.3.1}{Question}{subsection.1.3}% 12
\BOOKMARK [3][-]{subsubsection.1.3.2}{Use\040virtual\040memory}{subsection.1.3}% 13
\BOOKMARK [3][-]{subsubsection.1.3.3}{Homework\040I}{subsection.1.3}% 14
\BOOKMARK [3][-]{subsubsection.1.3.4}{Stack}{subsection.1.3}% 15
\BOOKMARK [3][-]{subsubsection.1.3.5}{Homework\040II}{subsection.1.3}% 16
\BOOKMARK [3][-]{subsubsection.1.3.6}{Challenge\040homework}{subsection.1.3}% 17
\BOOKMARK [1][-]{section.2}{Memory\040Management}{}% 18
\BOOKMARK [2][-]{subsection.2.1}{Physical\040Page\040Management}{section.2}% 19
\BOOKMARK [3][-]{subsubsection.2.1.1}{Homework\040III}{subsection.2.1}% 20
\BOOKMARK [2][-]{subsection.2.2}{Virtual\040Memory}{section.2}% 21
\BOOKMARK [3][-]{subsubsection.2.2.1}{Virtual\040address,\040linear\040address\040and\040physical\040address}{subsection.2.2}% 22
\BOOKMARK [3][-]{subsubsection.2.2.2}{Reference\040counting}{subsection.2.2}% 23
\BOOKMARK [3][-]{subsubsection.2.2.3}{Page\040Table\040Management}{subsection.2.2}% 24
\BOOKMARK [3][-]{subsubsection.2.2.4}{Homework\040IV}{subsection.2.2}% 25
\BOOKMARK [2][-]{subsection.2.3}{Kernel\040address\040space}{section.2}% 26
\BOOKMARK [3][-]{subsubsection.2.3.1}{Homework\040V}{subsection.2.3}% 27
\BOOKMARK [3][-]{subsubsection.2.3.2}{Question\040IV}{subsection.2.3}% 28
